# JRE version: OpenJDK Runtime Environment (8.0_76-b03) (build 1.8.0_76-release-b03)
# Java VM: OpenJDK 64-Bit Server VM (25.76-b03 mixed mode windows-amd64 compressed oops)
Heap:
 PSYoungGen      total 470016K, used 147691K [0x00000000e0000000, 0x00000000fff00000, 0x0000000100000000)
  eden space 417792K, 35% used [0x00000000e0000000,0x00000000e903af78,0x00000000f9800000)
  from space 52224K, 0% used [0x00000000fcc00000,0x00000000fcc00000,0x00000000fff00000)
  to   space 52736K, 0% used [0x00000000f9800000,0x00000000f9800000,0x00000000fcb80000)
 ParOldGen       total 109568K, used 43032K [0x00000000a0000000, 0x00000000a6b00000, 0x00000000e0000000)
  object space 109568K, 39% used [0x00000000a0000000,0x00000000a2a06148,0x00000000a6b00000)
 Metaspace       used 72596K, capacity 77240K, committed 77872K, reserved 1118208K
  class space    used 9019K, capacity 9635K, committed 10032K, reserved 1048576K
GC Heap History (10 events):
Event: 4132.420 GC heap before
{Heap before GC invocations=66 (full 13):
 PSYoungGen      total 464896K, used 8625K [0x00000000e0000000, 0x0000000100000000, 0x0000000100000000)
  eden space 410112K, 0% used [0x00000000e0000000,0x00000000e0000000,0x00000000f9080000)
  from space 54784K, 15% used [0x00000000f9080000,0x00000000f98ec688,0x00000000fc600000)
  to   space 53248K, 0% used [0x00000000fcc00000,0x00000000fcc00000,0x0000000100000000)
 ParOldGen       total 109568K, used 42298K [0x00000000a0000000, 0x00000000a6b00000, 0x00000000e0000000)
  object space 109568K, 38% used [0x00000000a0000000,0x00000000a294e968,0x00000000a6b00000)
 Metaspace       used 72146K, capacity 76604K, committed 76976K, reserved 1116160K
  class space    used 8961K, capacity 9581K, committed 9904K, reserved 1048576K
Event: 4133.017 GC heap after
Heap after GC invocations=66 (full 13):
 PSYoungGen      total 464896K, used 0K [0x00000000e0000000, 0x0000000100000000, 0x0000000100000000)
  eden space 410112K, 0% used [0x00000000e0000000,0x00000000e0000000,0x00000000f9080000)
  from space 54784K, 0% used [0x00000000f9080000,0x00000000f9080000,0x00000000fc600000)
  to   space 53248K, 0% used [0x00000000fcc00000,0x00000000fcc00000,0x0000000100000000)
 ParOldGen       total 109568K, used 45949K [0x00000000a0000000, 0x00000000a6b00000, 0x00000000e0000000)
  object space 109568K, 41% used [0x00000000a0000000,0x00000000a2cdf490,0x00000000a6b00000)
 Metaspace       used 72146K, capacity 76604K, committed 76976K, reserved 1116160K
  class space    used 8961K, capacity 9581K, committed 9904K, reserved 1048576K
}
Event: 4269.987 GC heap before
{Heap before GC invocations=67 (full 13):
 PSYoungGen      total 464896K, used 410112K [0x00000000e0000000, 0x0000000100000000, 0x0000000100000000)
  eden space 410112K, 100% used [0x00000000e0000000,0x00000000f9080000,0x00000000f9080000)
  from space 54784K, 0% used [0x00000000f9080000,0x00000000f9080000,0x00000000fc600000)
  to   space 53248K, 0% used [0x00000000fcc00000,0x00000000fcc00000,0x0000000100000000)
 ParOldGen       total 109568K, used 45949K [0x00000000a0000000, 0x00000000a6b00000, 0x00000000e0000000)
  object space 109568K, 41% used [0x00000000a0000000,0x00000000a2cdf490,0x00000000a6b00000)
 Metaspace       used 72481K, capacity 77082K, committed 77616K, reserved 1116160K
  class space    used 9011K, capacity 9626K, committed 10032K, reserved 1048576K
Event: 4270.037 GC heap after
Heap after GC invocations=67 (full 13):
 PSYoungGen      total 468992K, used 29410K [0x00000000e0000000, 0x00000000fff80000, 0x0000000100000000)
  eden space 416256K, 0% used [0x00000000e0000000,0x00000000e0000000,0x00000000f9680000)
  from space 52736K, 55% used [0x00000000fcc00000,0x00000000fe8b8920,0x00000000fff80000)
  to   space 53760K, 0% used [0x00000000f9680000,0x00000000f9680000,0x00000000fcb00000)
 ParOldGen       total 109568K, used 45957K [0x00000000a0000000, 0x00000000a6b00000, 0x00000000e0000000)
  object space 109568K, 41% used [0x00000000a0000000,0x00000000a2ce1490,0x00000000a6b00000)
 Metaspace       used 72481K, capacity 77082K, committed 77616K, reserved 1116160K
  class space    used 9011K, capacity 9626K, committed 10032K, reserved 1048576K
}
Event: 4273.014 GC heap before
{Heap before GC invocations=68 (full 13):
 PSYoungGen      total 468992K, used 445666K [0x00000000e0000000, 0x00000000fff80000, 0x0000000100000000)
  eden space 416256K, 100% used [0x00000000e0000000,0x00000000f9680000,0x00000000f9680000)
  from space 52736K, 55% used [0x00000000fcc00000,0x00000000fe8b8920,0x00000000fff80000)
  to   space 53760K, 0% used [0x00000000f9680000,0x00000000f9680000,0x00000000fcb00000)
 ParOldGen       total 109568K, used 45957K [0x00000000a0000000, 0x00000000a6b00000, 0x00000000e0000000)
  object space 109568K, 41% used [0x00000000a0000000,0x00000000a2ce1490,0x00000000a6b00000)
 Metaspace       used 72496K, capacity 77082K, committed 77616K, reserved 1116160K
  class space    used 9011K, capacity 9626K, committed 10032K, reserved 1048576K
Event: 4273.054 GC heap after
Heap after GC invocations=68 (full 13):
 PSYoungGen      total 470016K, used 27946K [0x00000000e0000000, 0x0000000100000000, 0x0000000100000000)
  eden space 416256K, 0% used [0x00000000e0000000,0x00000000e0000000,0x00000000f9680000)
  from space 53760K, 51% used [0x00000000f9680000,0x00000000fb1cab90,0x00000000fcb00000)
  to   space 53248K, 0% used [0x00000000fcc00000,0x00000000fcc00000,0x0000000100000000)
 ParOldGen       total 109568K, used 45965K [0x00000000a0000000, 0x00000000a6b00000, 0x00000000e0000000)
  object space 109568K, 41% used [0x00000000a0000000,0x00000000a2ce3490,0x00000000a6b00000)
 Metaspace       used 72496K, capacity 77082K, committed 77616K, reserved 1116160K
  class space    used 9011K, capacity 9626K, committed 10032K, reserved 1048576K
}
Event: 4274.223 GC heap before
{Heap before GC invocations=69 (full 13):
 PSYoungGen      total 470016K, used 232195K [0x00000000e0000000, 0x0000000100000000, 0x0000000100000000)
  eden space 416256K, 49% used [0x00000000e0000000,0x00000000ec7762a0,0x00000000f9680000)
  from space 53760K, 51% used [0x00000000f9680000,0x00000000fb1cab90,0x00000000fcb00000)
  to   space 53248K, 0% used [0x00000000fcc00000,0x00000000fcc00000,0x0000000100000000)
 ParOldGen       total 109568K, used 45965K [0x00000000a0000000, 0x00000000a6b00000, 0x00000000e0000000)
  object space 109568K, 41% used [0x00000000a0000000,0x00000000a2ce3490,0x00000000a6b00000)
 Metaspace       used 72525K, capacity 77088K, committed 77616K, reserved 1116160K
  class space    used 9011K, capacity 9627K, committed 10032K, reserved 1048576K
Event: 4274.228 GC heap after
Heap after GC invocations=69 (full 13):
 PSYoungGen      total 470016K, used 5203K [0x00000000e0000000, 0x00000000fff00000, 0x0000000100000000)
  eden space 417792K, 0% used [0x00000000e0000000,0x00000000e0000000,0x00000000f9800000)
  from space 52224K, 9% used [0x00000000fcc00000,0x00000000fd114cb0,0x00000000fff00000)
  to   space 52736K, 0% used [0x00000000f9800000,0x00000000f9800000,0x00000000fcb80000)
 ParOldGen       total 109568K, used 45973K [0x00000000a0000000, 0x00000000a6b00000, 0x00000000e0000000)
  object space 109568K, 41% used [0x00000000a0000000,0x00000000a2ce5490,0x00000000a6b00000)
 Metaspace       used 72525K, capacity 77088K, committed 77616K, reserved 1116160K
  class space    used 9011K, capacity 9627K, committed 10032K, reserved 1048576K
}
Event: 4274.228 GC heap before
{Heap before GC invocations=70 (full 14):
 PSYoungGen      total 470016K, used 5203K [0x00000000e0000000, 0x00000000fff00000, 0x0000000100000000)
  eden space 417792K, 0% used [0x00000000e0000000,0x00000000e0000000,0x00000000f9800000)
  from space 52224K, 9% used [0x00000000fcc00000,0x00000000fd114cb0,0x00000000fff00000)
  to   space 52736K, 0% used [0x00000000f9800000,0x00000000f9800000,0x00000000fcb80000)
 ParOldGen       total 109568K, used 45973K [0x00000000a0000000, 0x00000000a6b00000, 0x00000000e0000000)
  object space 109568K, 41% used [0x00000000a0000000,0x00000000a2ce5490,0x00000000a6b00000)
 Metaspace       used 72525K, capacity 77088K, committed 77616K, reserved 1116160K
  class space    used 9011K, capacity 9627K, committed 10032K, reserved 1048576K
Event: 4274.763 GC heap after
Heap after GC invocations=70 (full 14):
 PSYoungGen      total 470016K, used 0K [0x00000000e0000000, 0x00000000fff00000, 0x0000000100000000)
  eden space 417792K, 0% used [0x00000000e0000000,0x00000000e0000000,0x00000000f9800000)
  from space 52224K, 0% used [0x00000000fcc00000,0x00000000fcc00000,0x00000000fff00000)
  to   space 52736K, 0% used [0x00000000f9800000,0x00000000f9800000,0x00000000fcb80000)
 ParOldGen       total 109568K, used 43032K [0x00000000a0000000, 0x00000000a6b00000, 0x00000000e0000000)
  object space 109568K, 39% used [0x00000000a0000000,0x00000000a2a06148,0x00000000a6b00000)
 Metaspace       used 72525K, capacity 77088K, committed 77616K, reserved 1116160K
  class space    used 9011K, capacity 9627K, committed 10032K, reserved 1048576K
}

